<?xml version="1.0" encoding="UTF-8"?>
<testsuite name="com.aconex.convertor.builder.ConverterTest" tests="1" skipped="0" failures="0" errors="0" timestamp="2015-12-03T11:07:23" hostname="YangYangs-MacBook-Pro.local" time="0.001">
  <properties/>
  <testcase name="returnValueShouldContainsExpectedWording" classname="com.aconex.convertor.builder.ConverterTest" time="0.001"/>
  <system-out><![CDATA[]]></system-out>
  <system-err><![CDATA[]]></system-err>
</testsuite>
